index-LlSKwgcD.js:1 ByteBrew: Starting Initialization
index-LlSKwgcD.js:1 ByteBrew: Creating User Event
index-LlSKwgcD.js:1 ByteBrew: Initializing event listeners
index-LlSKwgcD.js:1 Backend version: 3
index-LlSKwgcD.js:1 ByteBrew: Initialization Failed! No session key was included in the response
index-LlSKwgcD.js:1 foreground: true visible: true hasFocus: true
(anonymous) @ index-LlSKwgcD.js:1
setInterval
assets/index-LlSKwgcD.js @ index-LlSKwgcD.js:1
r @ index-LlSKwgcD.js:33
(anonymous) @ index-LlSKwgcD.js:33
index-LlSKwgcD.js:33 ==== RTC AVGs (estimated: false ) ====
index-LlSKwgcD.js:33 RTC ee2.dos.zone rtt(http): undefined
index-LlSKwgcD.js:33 RTC newyork.dos.zone rtt(http): undefined
index-LlSKwgcD.js:33 RTC ee.dos.zone rtt(http): undefined
index-LlSKwgcD.js:33 RTC lvc.dos.zone rtt(http): undefined
index-LlSKwgcD.js:33 RTC spb.dos.zone rtt(http): undefined
index-LlSKwgcD.js:33 RTC anfit.pp.ua rtt(http): undefined
index-LlSKwgcD.js:33  GET https://cloud.dos.zone:8443/wol-eu1/stats 502 (Bad Gateway)
(anonymous) @ index-LlSKwgcD.js:33
(anonymous) @ index-LlSKwgcD.js:33
await in (anonymous)
(anonymous) @ index-LlSKwgcD.js:33
await in (anonymous)
assets/index-LlSKwgcD.js @ index-LlSKwgcD.js:33
r @ index-LlSKwgcD.js:33
(anonymous) @ index-LlSKwgcD.js:33
index-LlSKwgcD.js:33  GET https://cloud.dos.zone:8443/wol-sea1/stats 502 (Bad Gateway)
(anonymous) @ index-LlSKwgcD.js:33
(anonymous) @ index-LlSKwgcD.js:33
await in (anonymous)
(anonymous) @ index-LlSKwgcD.js:33
await in (anonymous)
assets/index-LlSKwgcD.js @ index-LlSKwgcD.js:33
r @ index-LlSKwgcD.js:33
(anonymous) @ index-LlSKwgcD.js:33
index-LlSKwgcD.js:33 ==== RTC AVGs (estimated: false ) ====
index-LlSKwgcD.js:33 RTC ee2.dos.zone rtt(http): 85.70
index-LlSKwgcD.js:33 RTC newyork.dos.zone rtt(http): undefined
index-LlSKwgcD.js:33 RTC ee.dos.zone rtt(http): undefined
index-LlSKwgcD.js:33 RTC lvc.dos.zone rtt(http): undefined
index-LlSKwgcD.js:33 RTC spb.dos.zone rtt(http): undefined
index-LlSKwgcD.js:33 RTC anfit.pp.ua rtt(http): undefined
index-LlSKwgcD.js:33 ==== RTC AVGs (estimated: true ) ====
index-LlSKwgcD.js:33 RTC ee2.dos.zone rtt(http): 85.70
index-LlSKwgcD.js:33 RTC lvc.dos.zone rtt(http): 99.30
index-LlSKwgcD.js:33 RTC newyork.dos.zone rtt(http): undefined
index-LlSKwgcD.js:33 RTC ee.dos.zone rtt(http): undefined
index-LlSKwgcD.js:33 RTC spb.dos.zone rtt(http): undefined
index-LlSKwgcD.js:33 RTC anfit.pp.ua rtt(http): undefined
index-LlSKwgcD.js:33 ==== RTC AVGs (estimated: true ) ====
index-LlSKwgcD.js:33 RTC ee2.dos.zone rtt(http): 85.70
index-LlSKwgcD.js:33 RTC lvc.dos.zone rtt(http): 99.30
index-LlSKwgcD.js:33 RTC ee.dos.zone rtt(http): 108.70
index-LlSKwgcD.js:33 RTC newyork.dos.zone rtt(http): undefined
index-LlSKwgcD.js:33 RTC spb.dos.zone rtt(http): undefined
index-LlSKwgcD.js:33 RTC anfit.pp.ua rtt(http): undefined
index-LlSKwgcD.js:33 ==== RTC AVGs (estimated: true ) ====
index-LlSKwgcD.js:33 RTC ee2.dos.zone rtt(http): 85.70
index-LlSKwgcD.js:33 RTC lvc.dos.zone rtt(http): 99.30
index-LlSKwgcD.js:33 RTC ee.dos.zone rtt(http): 108.70
index-LlSKwgcD.js:33 RTC spb.dos.zone rtt(http): 139.00
index-LlSKwgcD.js:33 RTC newyork.dos.zone rtt(http): undefined
index-LlSKwgcD.js:33 RTC anfit.pp.ua rtt(http): undefined
mp/?lobby=q3:1 Banner not shown: beforeinstallpromptevent.preventDefault() called. The page must call beforeinstallpromptevent.prompt() to show the banner.
index-LlSKwgcD.js:33 ==== RTC AVGs (estimated: true ) ====
index-LlSKwgcD.js:33 RTC ee2.dos.zone rtt(http): 85.70
index-LlSKwgcD.js:33 RTC lvc.dos.zone rtt(http): 99.30
index-LlSKwgcD.js:33 RTC ee.dos.zone rtt(http): 108.70
index-LlSKwgcD.js:33 RTC spb.dos.zone rtt(http): 139.00
index-LlSKwgcD.js:33 RTC newyork.dos.zone rtt(http): 147.40
index-LlSKwgcD.js:33 RTC anfit.pp.ua rtt(http): undefined
index-LlSKwgcD.js:33 ==== RTC AVGs (estimated: true ) ====
index-LlSKwgcD.js:33 RTC anfit.pp.ua rtt(http): 65.50
index-LlSKwgcD.js:33 RTC ee2.dos.zone rtt(http): 85.70
index-LlSKwgcD.js:33 RTC lvc.dos.zone rtt(http): 99.30
index-LlSKwgcD.js:33 RTC ee.dos.zone rtt(http): 108.70
index-LlSKwgcD.js:33 RTC spb.dos.zone rtt(http): 139.00
index-LlSKwgcD.js:33 RTC newyork.dos.zone rtt(http): 147.40
index-LlSKwgcD.js:33 ==== RTC AVGs (estimated: true ) ====
index-LlSKwgcD.js:33 RTC anfit.pp.ua rtt(http): 65.50
index-LlSKwgcD.js:33 RTC ee2.dos.zone rtt(http): 85.70
index-LlSKwgcD.js:33 RTC lvc.dos.zone rtt(http): 99.30
index-LlSKwgcD.js:33 RTC ee.dos.zone rtt(http): 108.70
index-LlSKwgcD.js:33 RTC spb.dos.zone rtt(http): 139.00
index-LlSKwgcD.js:33 RTC newyork.dos.zone rtt(http): 147.40
index-LlSKwgcD.js:33 ==== RTC AVGs (estimated: true ) ====
index-LlSKwgcD.js:33 RTC anfit.pp.ua rtt(http): 65.50
index-LlSKwgcD.js:33 RTC ee2.dos.zone rtt(http): 65.60
index-LlSKwgcD.js:33 RTC lvc.dos.zone rtt(http): 99.30
index-LlSKwgcD.js:33 RTC ee.dos.zone rtt(http): 108.70
index-LlSKwgcD.js:33 RTC spb.dos.zone rtt(http): 139.00
index-LlSKwgcD.js:33 RTC newyork.dos.zone rtt(http): 147.40
index-LlSKwgcD.js:33 ==== RTC AVGs (estimated: true ) ====
index-LlSKwgcD.js:33 RTC anfit.pp.ua rtt(http): 65.50
index-LlSKwgcD.js:33 RTC ee2.dos.zone rtt(http): 65.60
index-LlSKwgcD.js:33 RTC lvc.dos.zone rtt(http): 86.35
index-LlSKwgcD.js:33 RTC ee.dos.zone rtt(http): 108.70
index-LlSKwgcD.js:33 RTC spb.dos.zone rtt(http): 139.00
index-LlSKwgcD.js:33 RTC newyork.dos.zone rtt(http): 147.40
index-LlSKwgcD.js:33 ==== RTC AVGs (estimated: true ) ====
index-LlSKwgcD.js:33 RTC ee2.dos.zone rtt(http): 65.60
index-LlSKwgcD.js:33 RTC anfit.pp.ua rtt(http): 66.55
index-LlSKwgcD.js:33 RTC lvc.dos.zone rtt(http): 86.35
index-LlSKwgcD.js:33 RTC ee.dos.zone rtt(http): 108.70
index-LlSKwgcD.js:33 RTC spb.dos.zone rtt(http): 139.00
index-LlSKwgcD.js:33 RTC newyork.dos.zone rtt(http): 147.40
index-LlSKwgcD.js:33 ==== RTC AVGs (estimated: true ) ====
index-LlSKwgcD.js:33 RTC ee2.dos.zone rtt(http): 65.60
index-LlSKwgcD.js:33 RTC anfit.pp.ua rtt(http): 66.55
index-LlSKwgcD.js:33 RTC lvc.dos.zone rtt(http): 86.35
index-LlSKwgcD.js:33 RTC ee.dos.zone rtt(http): 93.75
index-LlSKwgcD.js:33 RTC spb.dos.zone rtt(http): 139.00
index-LlSKwgcD.js:33 RTC newyork.dos.zone rtt(http): 147.40
index-LlSKwgcD.js:33 ==== RTC AVGs (estimated: true ) ====
index-LlSKwgcD.js:33 RTC ee2.dos.zone rtt(http): 65.60
index-LlSKwgcD.js:33 RTC anfit.pp.ua rtt(http): 66.55
index-LlSKwgcD.js:33 RTC lvc.dos.zone rtt(http): 86.35
index-LlSKwgcD.js:33 RTC ee.dos.zone rtt(http): 93.75
index-LlSKwgcD.js:33 RTC spb.dos.zone rtt(http): 119.60
index-LlSKwgcD.js:33 RTC newyork.dos.zone rtt(http): 147.40
index-LlSKwgcD.js:33 ==== RTC AVGs (estimated: true ) ====
index-LlSKwgcD.js:33 RTC ee2.dos.zone rtt(http): 65.60
index-LlSKwgcD.js:33 RTC anfit.pp.ua rtt(http): 66.55
index-LlSKwgcD.js:33 RTC lvc.dos.zone rtt(http): 86.35
index-LlSKwgcD.js:33 RTC ee.dos.zone rtt(http): 93.75
index-LlSKwgcD.js:33 RTC spb.dos.zone rtt(http): 119.60
index-LlSKwgcD.js:33 RTC newyork.dos.zone rtt(http): 137.50
index-LlSKwgcD.js:33 room room.cs16.gtf.2900744355 removed
index-LlSKwgcD.js:33 ==== RTC AVGs (estimated: true ) ====
index-LlSKwgcD.js:33 RTC ee2.dos.zone rtt(http): 65.60
index-LlSKwgcD.js:33 RTC anfit.pp.ua rtt(http): 66.55
index-LlSKwgcD.js:33 RTC lvc.dos.zone rtt(http): 86.35
index-LlSKwgcD.js:33 RTC ee.dos.zone rtt(http): 93.75
index-LlSKwgcD.js:33 RTC spb.dos.zone rtt(http): 119.60
index-LlSKwgcD.js:33 RTC newyork.dos.zone rtt(http): 137.50
index-LlSKwgcD.js:33 ==== RTC AVGs (estimated: true ) ====
index-LlSKwgcD.js:33 RTC ee2.dos.zone rtt(http): 61.37
index-LlSKwgcD.js:33 RTC anfit.pp.ua rtt(http): 66.55
index-LlSKwgcD.js:33 RTC lvc.dos.zone rtt(http): 86.35
index-LlSKwgcD.js:33 RTC ee.dos.zone rtt(http): 93.75
index-LlSKwgcD.js:33 RTC spb.dos.zone rtt(http): 119.60
index-LlSKwgcD.js:33 RTC newyork.dos.zone rtt(http): 137.50
index-LlSKwgcD.js:33 ==== RTC AVGs (estimated: true ) ====
index-LlSKwgcD.js:33 RTC ee2.dos.zone rtt(http): 61.37
index-LlSKwgcD.js:33 RTC anfit.pp.ua rtt(http): 66.55
index-LlSKwgcD.js:33 RTC lvc.dos.zone rtt(http): 79.63
index-LlSKwgcD.js:33 RTC ee.dos.zone rtt(http): 93.75
index-LlSKwgcD.js:33 RTC spb.dos.zone rtt(http): 119.60
index-LlSKwgcD.js:33 RTC newyork.dos.zone rtt(http): 137.50
index-LlSKwgcD.js:33 ==== RTC AVGs (estimated: true ) ====
index-LlSKwgcD.js:33 RTC ee2.dos.zone rtt(http): 61.37
index-LlSKwgcD.js:33 RTC anfit.pp.ua rtt(http): 69.37
index-LlSKwgcD.js:33 RTC lvc.dos.zone rtt(http): 79.63
index-LlSKwgcD.js:33 RTC ee.dos.zone rtt(http): 93.75
index-LlSKwgcD.js:33 RTC spb.dos.zone rtt(http): 119.60
index-LlSKwgcD.js:33 RTC newyork.dos.zone rtt(http): 137.50
index-LlSKwgcD.js:33 ==== RTC AVGs (estimated: true ) ====
index-LlSKwgcD.js:33 RTC ee2.dos.zone rtt(http): 61.37
index-LlSKwgcD.js:33 RTC anfit.pp.ua rtt(http): 69.37
index-LlSKwgcD.js:33 RTC lvc.dos.zone rtt(http): 79.63
index-LlSKwgcD.js:33 RTC ee.dos.zone rtt(http): 88.10
index-LlSKwgcD.js:33 RTC spb.dos.zone rtt(http): 119.60
index-LlSKwgcD.js:33 RTC newyork.dos.zone rtt(http): 137.50
index-LlSKwgcD.js:33 ==== RTC AVGs (estimated: true ) ====
index-LlSKwgcD.js:33 RTC ee2.dos.zone rtt(http): 61.37
index-LlSKwgcD.js:33 RTC anfit.pp.ua rtt(http): 69.37
index-LlSKwgcD.js:33 RTC lvc.dos.zone rtt(http): 79.63
index-LlSKwgcD.js:33 RTC ee.dos.zone rtt(http): 88.10
index-LlSKwgcD.js:33 RTC spb.dos.zone rtt(http): 110.83
index-LlSKwgcD.js:33 RTC newyork.dos.zone rtt(http): 137.50
index-LlSKwgcD.js:33 ==== RTC AVGs (estimated: true ) ====
index-LlSKwgcD.js:33 RTC ee2.dos.zone rtt(http): 61.37
index-LlSKwgcD.js:33 RTC anfit.pp.ua rtt(http): 69.37
index-LlSKwgcD.js:33 RTC lvc.dos.zone rtt(http): 79.63
index-LlSKwgcD.js:33 RTC ee.dos.zone rtt(http): 88.10
index-LlSKwgcD.js:33 RTC spb.dos.zone rtt(http): 110.83
index-LlSKwgcD.js:33 RTC newyork.dos.zone rtt(http): 135.33
index-LlSKwgcD.js:33 ==== RTC AVGs (estimated: true ) ====
index-LlSKwgcD.js:33 RTC ee2.dos.zone rtt(http): 61.37
index-LlSKwgcD.js:33 RTC anfit.pp.ua rtt(http): 69.37
index-LlSKwgcD.js:33 RTC lvc.dos.zone rtt(http): 79.63
index-LlSKwgcD.js:33 RTC ee.dos.zone rtt(http): 88.10
index-LlSKwgcD.js:33 RTC spb.dos.zone rtt(http): 110.83
index-LlSKwgcD.js:33 RTC newyork.dos.zone rtt(http): 135.33
index-LlSKwgcD.js:33 room room.q3.eba.941384646 removed
index-LlSKwgcD.js:33 ==== RTC AVGs (estimated: true ) ====
index-LlSKwgcD.js:33 RTC ee2.dos.zone rtt(http): 61.37
index-LlSKwgcD.js:33 RTC anfit.pp.ua rtt(http): 69.37
index-LlSKwgcD.js:33 RTC lvc.dos.zone rtt(http): 79.63
index-LlSKwgcD.js:33 RTC ee.dos.zone rtt(http): 88.10
index-LlSKwgcD.js:33 RTC spb.dos.zone rtt(http): 110.83
index-LlSKwgcD.js:33 RTC newyork.dos.zone rtt(http): 135.33
index-LlSKwgcD.js:33 room room.cs16.fbz.3164964314 removed
index-LlSKwgcD.js:1  POST https://cloud.dos.zone/room/create?alias=room.q3.lkj.313787966 403 (Forbidden)
createRoom @ index-LlSKwgcD.js:1
(anonymous) @ index-LlSKwgcD.js:33
await in (anonymous)
(anonymous) @ index-LlSKwgcD.js:33
r @ index-LlSKwgcD.js:1
createRoom @ index-LlSKwgcD.js:33
onClick @ index-LlSKwgcD.js:1
onClick @ index-LlSKwgcD.js:1
(anonymous) @ index-LlSKwgcD.js:1
index-LlSKwgcD.js:33 ==== RTC AVGs (estimated: true ) ====
index-LlSKwgcD.js:33 RTC ee2.dos.zone rtt(http): 61.37
index-LlSKwgcD.js:33 RTC anfit.pp.ua rtt(http): 69.37
index-LlSKwgcD.js:33 RTC lvc.dos.zone rtt(http): 79.63
index-LlSKwgcD.js:33 RTC ee.dos.zone rtt(http): 88.10
index-LlSKwgcD.js:33 RTC spb.dos.zone rtt(http): 110.83
index-LlSKwgcD.js:33 RTC newyork.dos.zone rtt(http): 135.33
index-LlSKwgcD.js:33 room room.q3.ihk.313787966 removed
index-LlSKwgcD.js:1 https://cdn.dos.zone/q3/v30/game.html?multiplayer&role=server&map=q3ctf2&server=ioq3.313787966&gametype=4&fraglimit=25&timelimit=0&username=Player_209_gst&ordered=false&maxplayers=26&bots=5&skin=anarki
index-LlSKwgcD.js:1 [GAME] link: https://cdn.dos.zone/q3/v30/game.html?multiplayer=&role=server&map=q3ctf2&server=ioq3.313787966&gametype=4&fraglimit=25&timelimit=0&username=Player_209_gst&ordered=false&maxplayers=26&bots=5&skin=anarki&seed=313787966
index-LlSKwgcD.js:1 [GAME] link: https://cdn.dos.zone/q3/v30/game.html?multiplayer=&role=server&map=q3ctf2&server=ioq3.313787966&gametype=4&fraglimit=25&timelimit=0&username=Player_209_gst&ordered=false&maxplayers=26&bots=5&skin=anarki&seed=313787966
index-LlSKwgcD.js:1 https://cdn.dos.zone/q3/v30/game.html?multiplayer&role=server&map=q3ctf2&server=ioq3.313787966&gametype=4&fraglimit=25&timelimit=0&username=Player_209_gst&ordered=false&maxplayers=26&bots=5&skin=anarki
index-LlSKwgcD.js:1 [GAME] link: https://cdn.dos.zone/q3/v30/game.html?multiplayer=&role=server&map=q3ctf2&server=ioq3.313787966&gametype=4&fraglimit=25&timelimit=0&username=Player_209_gst&ordered=false&maxplayers=26&bots=5&skin=anarki&seed=313787966
index-LlSKwgcD.js:1 https://cdn.dos.zone/q3/v30/game.html?multiplayer&role=server&map=q3ctf2&server=ioq3.313787966&gametype=4&fraglimit=25&timelimit=0&username=Player_209_gst&ordered=false&maxplayers=26&bots=5&skin=anarki
index-LlSKwgcD.js:33 RTC Servers [ owner ]: ee2.dos.zone ee2.dos.zone
GamepadEmulator.js:373 windowOngamepadconnected null
index-LlSKwgcD.js:1 https://cdn.dos.zone/q3/v30/game.html?multiplayer&role=server&map=q3ctf2&server=ioq3.313787966&gametype=4&fraglimit=25&timelimit=0&username=Player_209_gst&ordered=false&maxplayers=26&bots=5&skin=anarki
game.js:424 serverRole? true aliasFound? false
index-LlSKwgcD.js:1 https://cdn.dos.zone/q3/v30/game.html?multiplayer&role=server&map=q3ctf2&server=ioq3.313787966&gametype=4&fraglimit=25&timelimit=0&username=Player_209_gst&ordered=false&maxplayers=26&bots=5&skin=anarki
index-LlSKwgcD.js:1 https://cdn.dos.zone/q3/v30/game.html?multiplayer&role=server&map=q3ctf2&server=ioq3.313787966&gametype=4&fraglimit=25&timelimit=0&username=Player_209_gst&ordered=false&maxplayers=26&bots=5&skin=anarki
index-LlSKwgcD.js:1 https://cdn.dos.zone/q3/v30/game.html?multiplayer&role=server&map=q3ctf2&server=ioq3.313787966&gametype=4&fraglimit=25&timelimit=0&username=Player_209_gst&ordered=false&maxplayers=26&bots=5&skin=anarki
index-LlSKwgcD.js:1 https://cdn.dos.zone/q3/v30/game.html?multiplayer&role=server&map=q3ctf2&server=ioq3.313787966&gametype=4&fraglimit=25&timelimit=0&username=Player_209_gst&ordered=false&maxplayers=26&bots=5&skin=anarki
index-LlSKwgcD.js:1 https://cdn.dos.zone/q3/v30/game.html?multiplayer&role=server&map=q3ctf2&server=ioq3.313787966&gametype=4&fraglimit=25&timelimit=0&username=Player_209_gst&ordered=false&maxplayers=26&bots=5&skin=anarki
index-LlSKwgcD.js:1 https://cdn.dos.zone/q3/v30/game.html?multiplayer&role=server&map=q3ctf2&server=ioq3.313787966&gametype=4&fraglimit=25&timelimit=0&username=Player_209_gst&ordered=false&maxplayers=26&bots=5&skin=anarki
game.js:498 still waiting on run dependencies:
game.js:498 dependency: setup-ioq3-filesystem
game.js:498 (end of list)
index-LlSKwgcD.js:1 https://cdn.dos.zone/q3/v30/game.html?multiplayer&role=server&map=q3ctf2&server=ioq3.313787966&gametype=4&fraglimit=25&timelimit=0&username=Player_209_gst&ordered=false&maxplayers=26&bots=5&skin=anarki
index-LlSKwgcD.js:1 https://cdn.dos.zone/q3/v30/game.html?multiplayer&role=server&map=q3ctf2&server=ioq3.313787966&gametype=4&fraglimit=25&timelimit=0&username=Player_209_gst&ordered=false&maxplayers=26&bots=5&skin=anarki
index-LlSKwgcD.js:33 ==== RTC AVGs (estimated: true ) ====
index-LlSKwgcD.js:33 RTC ee2.dos.zone rtt(http): 61.37
index-LlSKwgcD.js:33 RTC anfit.pp.ua rtt(http): 69.37
index-LlSKwgcD.js:33 RTC lvc.dos.zone rtt(http): 79.63
index-LlSKwgcD.js:33 RTC ee.dos.zone rtt(http): 88.10
index-LlSKwgcD.js:33 RTC spb.dos.zone rtt(http): 110.83
index-LlSKwgcD.js:33 RTC newyork.dos.zone rtt(http): 135.33
game.js:498 ioq3 1.36_GIT_7221343-2026-01-06 emscripten-wasm32 Mar  1 2026
game.js:498 ----- FS_Startup -----
game.js:498 We are looking in the current search path:
game.js:498 /home/web_user/.q3a/demoq3
game.js:498 ./demoq3
game.js:498 ./demoq3/ztm-flexible-hud.pk3 (4 files)
game.js:498 ./demoq3/q3ctf2.pk3 (4 files)
game.js:498 ./demoq3/pak0.pk3 (6341 files)
game.js:498 /home/web_user/.q3a/baseq3
game.js:498 ./baseq3
game.js:498 
game.js:498 ----------------------
game.js:498 6349 files in pk3 files
game.js:498 execing default.cfg
game.js:498 Unknown command "cg_scorePlums^7"
game.js:498 Unknown command "cg_simpleItems^7"
game.js:498 Unknown command "cg_fov^7"
game.js:498 Unknown command "cg_drawCrosshair^7"
game.js:498 Unknown command "r_ext_compressed_textures^7"
game.js:498 Unknown command "r_ext_multitexture^7"
game.js:498 Unknown command "r_ext_texture_filter_anisotropic^7"
game.js:498 Unknown command "r_ext_max_anisotropy^7"
game.js:498 Unknown command "r_detailtextures^7"
game.js:498 Unknown command "r_texturebits^7"
game.js:498 Unknown command "r_colorbits^7"
game.js:498 Unknown command "r_depthbits^7"
game.js:498 Unknown command "r_customPixelAspect^7"
game.js:498 Unknown command "r_vertexLight^7"
game.js:498 Unknown command "r_lodbias^7"
game.js:498 Unknown command "r_fastsky^7"
game.js:498 Unknown command "r_drawSun^7"
game.js:498 Unknown command "r_dynamiclight^7"
game.js:498 Unknown command "r_textureMode^7"
game.js:498 Unknown command "r_gamma^7"
game.js:498 Unknown command "r_picmip^7"
game.js:498 Unknown command "r_subdivisions^7"
game.js:498 Unknown command "r_ext_multisample^7"
game.js:498 couldn't exec q3config.cfg
game.js:498 execing autoexec.cfg
game.js:498 Hunk_Clear: reset the hunk ok
game.js:498 ----- Client Initialization -----
game.js:498 Couldn't read q3history.
game.js:498 ----- Initializing Renderer ----
game.js:498 -------------------------------
game.js:498 QKEY building random string
game.js:498 QKEY generated
game.js:498 ----- Client Initialization Complete -----
game.js:498 ----- R_Init -----
game.js:498 SDL using driver "emscripten"
game.js:498 Initializing OpenGL display
game.js:498 Display aspect: 1.500
game.js:498 ...setting mode -2: 1500 1000
game.js:498 emscripten_set_main_loop_timing: Cannot set timing mode for main loop since a main loop does not exist! Call emscripten_set_main_loop first to set one up.
game.js:498 Using 24 color bits, 24 depth, 8 stencil display.
game.js:498 Available modes: '1500x1000'
game.js:498 GL_RENDERER: WebKit WebGL
game.js:498 Initializing OpenGL extensions
game.js:498 ...GL_EXT_texture_compression_s3tc not found
game.js:498 ...GL_S3_s3tc not found
game.js:498 ...ignoring GL_EXT_texture_filter_anisotropic
game.js:498 ...using GL_SGIS_texture_edge_clamp
game.js:498 ...using GL_EXT_occlusion_query_boolean
game.js:498 ...GL_NV_read_depth not found
game.js:498 ...GL_NV_read_stencil not found
game.js:498 ...using GL_EXT_shadow_samplers
game.js:498 ...using GL_OES_standard_derivatives
game.js:498 ...using GL_OES_element_index_uint
game.js:498 ...using GLSL version OpenGL ES GLSL ES 3.00 (WebGL GLSL ES 3.00 (OpenGL ES GLSL ES 3.0 Chromium))
game.js:498 ------- GLSL_InitGPUShaders -------
game.js:498 Using GPU vertex animation
game.js:498 GLSL_InitGPUShader2: generic
game.js:498 GLSL_InitGPUShader2: generic
game.js:498 GLSL_InitGPUShader2: generic
game.js:498 GLSL_InitGPUShader2: generic
game.js:498 GLSL_InitGPUShader2: generic
game.js:498 GLSL_InitGPUShader2: generic
game.js:498 GLSL_InitGPUShader2: generic
game.js:498 GLSL_InitGPUShader2: generic
game.js:498 GLSL_InitGPUShader2: generic
game.js:498 GLSL_InitGPUShader2: generic
game.js:498 GLSL_InitGPUShader2: generic
game.js:498 GLSL_InitGPUShader2: generic
game.js:498 GLSL_InitGPUShader2: generic
game.js:498 GLSL_InitGPUShader2: generic
game.js:498 GLSL_InitGPUShader2: generic
game.js:498 GLSL_InitGPUShader2: generic
game.js:498 GLSL_InitGPUShader2: generic
game.js:498 GLSL_InitGPUShader2: generic
game.js:498 GLSL_InitGPUShader2: generic
game.js:498 GLSL_InitGPUShader2: generic
game.js:498 GLSL_InitGPUShader2: generic
game.js:498 GLSL_InitGPUShader2: generic
game.js:498 GLSL_InitGPUShader2: generic
game.js:498 GLSL_InitGPUShader2: generic
game.js:498 GLSL_InitGPUShader2: generic
game.js:498 GLSL_InitGPUShader2: generic
game.js:498 GLSL_InitGPUShader2: generic
game.js:498 GLSL_InitGPUShader2: generic
game.js:498 GLSL_InitGPUShader2: generic
game.js:498 GLSL_InitGPUShader2: generic
game.js:498 GLSL_InitGPUShader2: generic
game.js:498 GLSL_InitGPUShader2: generic
game.js:498 GLSL_InitGPUShader2: texturecolor
game.js:498 GLSL_InitGPUShader2: fogpass
game.js:498 GLSL_InitGPUShader2: fogpass
game.js:498 GLSL_InitGPUShader2: fogpass
game.js:498 GLSL_InitGPUShader2: fogpass
game.js:498 GLSL_InitGPUShader2: fogpass
game.js:498 GLSL_InitGPUShader2: fogpass
game.js:498 GLSL_InitGPUShader2: dlight
game.js:498 GLSL_InitGPUShader2: dlight
game.js:498 GLSL_InitGPUShader2: lightall
game.js:498 GLSL_InitGPUShader2: lightall
game.js:498 GLSL_InitGPUShader2: lightall
game.js:498 GLSL_InitGPUShader2: lightall
game.js:498 GLSL_InitGPUShader2: lightall
game.js:498 GLSL_InitGPUShader2: lightall
game.js:498 GLSL_InitGPUShader2: lightall
game.js:498 GLSL_InitGPUShader2: lightall
game.js:498 GLSL_InitGPUShader2: lightall
game.js:498 GLSL_InitGPUShader2: lightall
game.js:498 GLSL_InitGPUShader2: lightall
game.js:498 GLSL_InitGPUShader2: lightall
game.js:498 GLSL_InitGPUShader2: lightall
game.js:498 GLSL_InitGPUShader2: lightall
game.js:498 GLSL_InitGPUShader2: lightall
game.js:498 GLSL_InitGPUShader2: lightall
game.js:498 GLSL_InitGPUShader2: tonemap
game.js:498 GLSL_InitGPUShader2: calclevels4x
game.js:498 GLSL_InitGPUShader2: calclevels4x
game.js:498 loaded 60 GLSL shaders (32 gen 16 light 12 etc) in  1.72 seconds
game.js:498 ------- R_InitVaos -------
game.js:498 Initializing Shaders
game.js:498 
game.js:498 GL_VENDOR: WebKit
game.js:498 GL_RENDERER: WebKit WebGL
game.js:498 GL_VERSION: OpenGL ES 3.0 (WebGL 2.0 (OpenGL ES 3.0 Chromium))
game.js:498 GL_EXTENSIONS: EXT_clip_control EXT_color_buffer_float EXT_color_buffer_half_float EXT_conservative_depth EXT_depth_clamp EXT_disjoint_timer_query_webgl2 EXT_float_blend EXT_polygon_offset_clamp EXT_texture_compression_bptc EXT_texture_compression_rgtc EXT_texture_filter_anisotropic EXT_texture_norm16 KHR_parallel_shader_compile NV_shader_noperspective_interpolation OES_texture_float_linear WEBGL_blend_func_extended WEBGL_clip_cull_distance WEBGL_compressed_texture_s3tc WEBGL_compressed_texture_s3tc_srgb WEBGL_debug_renderer_info WEBGL_debug_shaders WEBGL_lose_context WEBGL_multi_draw WEBGL_polygon_mode GL_EXT_clip_control GL_EXT_color_buffer_float GL_EXT_color_buffer_half_float GL_EXT_conservative_depth GL_EXT_depth_clamp GL_EXT_disjoint_timer_query_webgl2 GL_EXT_float_blend GL_EXT_polygon_offset_clamp GL_EXT_texture_compression_bptc GL_EXT_texture_compression_rgtc GL_EXT_texture_filter_anisotropic GL_EXT_texture_norm16 GL_KHR_parallel_shader_compile GL_NV_shader_noperspective_interpolation GL_OES_texture_float_linear GL_WEBGL_blend_func_extended GL_WEBGL_clip_cull_distance GL_WEBGL_compressed_texture_s3tc GL_WEBGL_compressed_texture_s3tc_srgb GL_WEBGL_debug_renderer_info GL_WEBGL_debug_shaders GL_WEBGL_lose_context GL_WEBGL_multi_draw GL_WEBGL_polygon_mode 
game.js:498 GL_MAX_TEXTURE_SIZE: 16384
game.js:498 GL_MAX_TEXTURE_IMAGE_UNITS: 16
game.js:498 
game.js:498 PIXELFORMAT: color(24-bits) Z(24-bit) stencil(8-bits)
game.js:498 MODE: -2, 1500 x 1000 windowed hz:N/A
game.js:498 GAMMA: software w/ 1 overbright bits
game.js:498 texturemode: GL_LINEAR_MIPMAP_LINEAR
game.js:498 picmip: 1
game.js:498 texture bits: 0
game.js:498 compiled vertex arrays: disabled
game.js:498 texenv add: enabled
game.js:498 compressed textures: disabled
game.js:498 ----- finished R_Init -----
game.js:498 ------ Initializing Sound ------
game.js:498 Allocated 96 sources.
game.js:498 OpenAL info:
game.js:498   Vendor:         Emscripten
game.js:498   Version:        1.1
game.js:498   Renderer:       WebAudio
game.js:498   AL Extensions:  AL_EXT_float32 AL_SOFT_loop_points AL_SOFT_source_length AL_EXT_source_distance_model AL_SOFT_source_spatialize
game.js:498   ALC Extensions: ALC_SOFT_pause_device ALC_SOFT_HRTF
game.js:498 Sound initialization successful.
game.js:498 --------------------------------
game.js:498 Loading vm file vm/ui.qvm...
game.js:498 File "vm/ui.qvm" found in "./demoq3/ztm-flexible-hud.pk3"
game.js:498 ...which has vmMagic VM_MAGIC_VER2
game.js:498 Loading 1162 jump table targets
game.js:498 Architecture doesn't have a bytecode compiler, using interpreter
game.js:498 ui loaded in 2472096 bytes on the hunk
game.js:25 0 arenas parsed

window.dzEvent @ game.js:25
5522784 @ ioquake3_opengl2.wasm32.js:14536
runEmAsmFunction @ ioquake3_opengl2.wasm32.js:9536
_emscripten_asm_const_int @ ioquake3_opengl2.wasm32.js:9539
$func696 @ ioquake3_opengl2.wasm32.wasm:0x1b803
$func1578 @ ioquake3_opengl2.wasm32.wasm:0x5b6cf
$func1575 @ ioquake3_opengl2.wasm32.wasm:0x5b12e
$func700 @ ioquake3_opengl2.wasm32.wasm:0x1c8e3
$func602 @ ioquake3_opengl2.wasm32.wasm:0x1223c
invoke_vi @ ioquake3_opengl2.wasm32.js:15485
$func888 @ ioquake3_opengl2.wasm32.wasm:0x2c881
$__main_argc_argv @ ioquake3_opengl2.wasm32.wasm:0x88da5
(anonymous) @ ioquake3_opengl2.wasm32.js:640
callMain @ ioquake3_opengl2.wasm32.js:15584
doRun @ ioquake3_opengl2.wasm32.js:15638
run @ ioquake3_opengl2.wasm32.js:15651
removeRunDependency @ ioquake3_opengl2.wasm32.js:594
ioquake3.default.preRun @ game.js:774
await in ioquake3.default.preRun
callRuntimeCallbacks @ ioquake3_opengl2.wasm32.js:817
preRun @ ioquake3_opengl2.wasm32.js:487
run @ ioquake3_opengl2.wasm32.js:15612
ioquake3 @ ioquake3_opengl2.wasm32.js:15706
await in ioquake3
(anonymous) @ game.js:467
Promise.then
(anonymous) @ game.js:466
PendingScript
(anonymous) @ game.html?multiplayer=&role=server&map=q3ctf2&server=ioq3.313787966&gametype=4&fraglimit=25&timelimit=0&username=Player_209_gst&ordered=false&maxplayers=26&bots=5&skin=anarki&seed=313787966:249
postMessage
t @ index-LlSKwgcD.js:33
(anonymous) @ index-LlSKwgcD.js:33
postMessage
(anonymous) @ game.html?multiplayer=&role=server&map=q3ctf2&server=ioq3.313787966&gametype=4&fraglimit=25&timelimit=0&username=Player_209_gst&ordered=false&maxplayers=26&bots=5&skin=anarki&seed=313787966:252
game.js:498 0 arenas parsed
game.js:25 32 bots parsed

window.dzEvent @ game.js:25
5522784 @ ioquake3_opengl2.wasm32.js:14536
runEmAsmFunction @ ioquake3_opengl2.wasm32.js:9536
_emscripten_asm_const_int @ ioquake3_opengl2.wasm32.js:9539
$func696 @ ioquake3_opengl2.wasm32.wasm:0x1b803
$func1578 @ ioquake3_opengl2.wasm32.wasm:0x5b6cf
$func1575 @ ioquake3_opengl2.wasm32.wasm:0x5b12e
$func700 @ ioquake3_opengl2.wasm32.wasm:0x1c8e3
$func602 @ ioquake3_opengl2.wasm32.wasm:0x1223c
invoke_vi @ ioquake3_opengl2.wasm32.js:15485
$func888 @ ioquake3_opengl2.wasm32.wasm:0x2c881
$__main_argc_argv @ ioquake3_opengl2.wasm32.wasm:0x88da5
(anonymous) @ ioquake3_opengl2.wasm32.js:640
callMain @ ioquake3_opengl2.wasm32.js:15584
doRun @ ioquake3_opengl2.wasm32.js:15638
run @ ioquake3_opengl2.wasm32.js:15651
removeRunDependency @ ioquake3_opengl2.wasm32.js:594
ioquake3.default.preRun @ game.js:774
await in ioquake3.default.preRun
callRuntimeCallbacks @ ioquake3_opengl2.wasm32.js:817
preRun @ ioquake3_opengl2.wasm32.js:487
run @ ioquake3_opengl2.wasm32.js:15612
ioquake3 @ ioquake3_opengl2.wasm32.js:15706
await in ioquake3
(anonymous) @ game.js:467
Promise.then
(anonymous) @ game.js:466
PendingScript
(anonymous) @ game.html?multiplayer=&role=server&map=q3ctf2&server=ioq3.313787966&gametype=4&fraglimit=25&timelimit=0&username=Player_209_gst&ordered=false&maxplayers=26&bots=5&skin=anarki&seed=313787966:249
postMessage
t @ index-LlSKwgcD.js:33
(anonymous) @ index-LlSKwgcD.js:33
postMessage
(anonymous) @ game.html?multiplayer=&role=server&map=q3ctf2&server=ioq3.313787966&gametype=4&fraglimit=25&timelimit=0&username=Player_209_gst&ordered=false&maxplayers=26&bots=5&skin=anarki&seed=313787966:252
game.js:498 32 bots parsed
game.js:498 --- Common Initialization Complete ---
game.js:498 initializeing p2p network...
ioquake3_opengl2.wasm32.js:1398 humblenet_p2p_init
ioquake3_opengl2.wasm32.js:1398 Sanitize callback #10
ioquake3_opengl2.wasm32.js:1398 Sanitize callback #1
ioquake3_opengl2.wasm32.js:1398 Sanitize callback #2
ioquake3_opengl2.wasm32.js:1398 Sanitize callback #5
ioquake3_opengl2.wasm32.js:1398 Sanitize callback #6
ioquake3_opengl2.wasm32.js:1398 connecting to signaling server "wss://net.js-dos.com:444" with gameToken "ioquake" 
ioquake3_opengl2.wasm32.js:1398 new wsi: 0xbeb3038
game.js:498 Hostname: emscripten
game.js:498 IP: 172.29.1.0
game.js:498 Opening IP socket: 0.0.0.0:27960
game.js:498 ------ Server Initialization ------
game.js:498 Server: q3ctf2
game.js:498 RE_Shutdown( 0 )
game.js:498 ------- R_ShutdownVaos -------
game.js:498 Hunk_Clear: reset the hunk ok
game.js:498 ----- FS_Startup -----
game.js:498 We are looking in the current search path:
game.js:498 /home/web_user/.q3a/demoq3
game.js:498 ./demoq3
game.js:498 ./demoq3/ztm-flexible-hud.pk3 (4 files)
game.js:498 ./demoq3/q3ctf2.pk3 (4 files)
game.js:498 ./demoq3/pak0.pk3 (6341 files)
game.js:498 /home/web_user/.q3a/baseq3
game.js:498 ./baseq3
game.js:498 
game.js:498 ----------------------
game.js:498 6349 files in pk3 files
game.js:498 Loading vm file vm/qagame.qvm...
game.js:498 File "vm/qagame.qvm" found in "./demoq3/ztm-flexible-hud.pk3"
game.js:498 ...which has vmMagic VM_MAGIC_VER2
game.js:498 Loading 896 jump table targets
game.js:498 Architecture doesn't have a bytecode compiler, using interpreter
game.js:498 qagame loaded in 4516832 bytes on the hunk
game.js:498 ------- Game Initialization -------
game.js:498 gamename: baseq3
game.js:498 gamedate: Mar  1 2026
game.js:498 Gametype changed, clearing session data.
game.js:498 func_timer at (1032 328 -200) has random >= wait
game.js:498 func_timer at (-920 -888 -200) has random >= wait
game.js:498 8 teams with 16 entities
game.js:498 23 items registered
game.js:498 -----------------------------------
game.js:498 ------- BotLib Initialization -------
game.js:498 loaded weapons.c
game.js:498 loaded items.c
game.js:498 loaded syn.c
game.js:498 loaded rnd.c
game.js:498 loaded match.c
game.js:498 loaded rchat.c
game.js:498 ------------ Map Loading ------------
game.js:498 trying to load maps/q3ctf2.aas
game.js:498 loaded maps/q3ctf2.aas
game.js:498 found 99 level items
game.js:498 -------------------------------------
game.js:498 32 bots parsed
game.js:498 0 arenas parsed
game.js:498 AAS initialized.
game.js:498 -----------------------------------
ioquake3_opengl2.wasm32.js:1398 0 -> 9 -> 0x4ff810 -> 10
ioquake3_opengl2.wasm32.js:1398 0 -> 3 -> 0 -> 0
game.js:498 RE_Shutdown( 0 )
game.js:498 ----- R_Init -----
game.js:498 ------- GLSL_InitGPUShaders -------
game.js:498 Using GPU vertex animation
game.js:498 loaded 60 GLSL shaders (32 gen 16 light 12 etc) in  0.01 seconds
game.js:498 ------- R_InitVaos -------
game.js:498 Initializing Shaders
game.js:498 
game.js:498 GL_VENDOR: WebKit
game.js:498 GL_RENDERER: WebKit WebGL
game.js:498 GL_VERSION: OpenGL ES 3.0 (WebGL 2.0 (OpenGL ES 3.0 Chromium))
game.js:498 GL_EXTENSIONS: EXT_clip_control EXT_color_buffer_float EXT_color_buffer_half_float EXT_conservative_depth EXT_depth_clamp EXT_disjoint_timer_query_webgl2 EXT_float_blend EXT_polygon_offset_clamp EXT_texture_compression_bptc EXT_texture_compression_rgtc EXT_texture_filter_anisotropic EXT_texture_norm16 KHR_parallel_shader_compile NV_shader_noperspective_interpolation OES_texture_float_linear WEBGL_blend_func_extended WEBGL_clip_cull_distance WEBGL_compressed_texture_s3tc WEBGL_compressed_texture_s3tc_srgb WEBGL_debug_renderer_info WEBGL_debug_shaders WEBGL_lose_context WEBGL_multi_draw WEBGL_polygon_mode GL_EXT_clip_control GL_EXT_color_buffer_float GL_EXT_color_buffer_half_float GL_EXT_conservative_depth GL_EXT_depth_clamp GL_EXT_disjoint_timer_query_webgl2 GL_EXT_float_blend GL_EXT_polygon_offset_clamp GL_EXT_texture_compression_bptc GL_EXT_texture_compression_rgtc GL_EXT_texture_filter_anisotropic GL_EXT_texture_norm16 GL_KHR_parallel_shader_compile GL_NV_shader_noperspective_interpolation GL_OES_texture_float_linear GL_WEBGL_blend_func_extended GL_WEBGL_clip_cull_distance GL_WEBGL_compressed_texture_s3tc GL_WEBGL_compressed_texture_s3tc_srgb GL_WEBGL_debug_renderer_info GL_WEBGL_debug_shaders GL_WEBGL_lose_context GL_WEBGL_multi_draw GL_WEBGL_polygon_mode 
game.js:498 GL_MAX_TEXTURE_SIZE: 16384
game.js:498 GL_MAX_TEXTURE_IMAGE_UNITS: 16
game.js:498 
game.js:498 PIXELFORMAT: color(24-bits) Z(24-bit) stencil(8-bits)
game.js:498 MODE: -2, 1500 x 1000 windowed hz:N/A
game.js:498 GAMMA: software w/ 1 overbright bits
game.js:498 texturemode: GL_LINEAR_MIPMAP_LINEAR
game.js:498 picmip: 1
game.js:498 texture bits: 0
game.js:498 compiled vertex arrays: disabled
game.js:498 texenv add: enabled
game.js:498 compressed textures: disabled
game.js:498 ----- finished R_Init -----
game.js:498 Loading vm file vm/ui.qvm...
game.js:498 File "vm/ui.qvm" found in "./demoq3/ztm-flexible-hud.pk3"
game.js:498 ...which has vmMagic VM_MAGIC_VER2
game.js:498 Loading 1162 jump table targets
game.js:498 Architecture doesn't have a bytecode compiler, using interpreter
game.js:498 ui loaded in 2472096 bytes on the hunk
game.js:25 0 arenas parsed

window.dzEvent @ game.js:25
5522784 @ ioquake3_opengl2.wasm32.js:14536
runEmAsmFunction @ ioquake3_opengl2.wasm32.js:9536
_emscripten_asm_const_int @ ioquake3_opengl2.wasm32.js:9539
$func696 @ ioquake3_opengl2.wasm32.wasm:0x1b803
$func1578 @ ioquake3_opengl2.wasm32.wasm:0x5b6cf
$func1575 @ ioquake3_opengl2.wasm32.wasm:0x5b12e
$func700 @ ioquake3_opengl2.wasm32.wasm:0x1c8e3
$func602 @ ioquake3_opengl2.wasm32.wasm:0x1223c
$func601 @ ioquake3_opengl2.wasm32.wasm:0x12194
$func628 @ ioquake3_opengl2.wasm32.wasm:0x139a3
$func631 @ ioquake3_opengl2.wasm32.wasm:0x13d2d
$func676 @ ioquake3_opengl2.wasm32.wasm:0x19948
$func679 @ ioquake3_opengl2.wasm32.wasm:0x19ddd
$func639 @ ioquake3_opengl2.wasm32.wasm:0x15bb0
$func880 @ ioquake3_opengl2.wasm32.wasm:0x298d5
invoke_i @ ioquake3_opengl2.wasm32.js:15529
$Com_Frame @ ioquake3_opengl2.wasm32.wasm:0x2d7c0
callUserCallback @ ioquake3_opengl2.wasm32.js:5821
runIter @ ioquake3_opengl2.wasm32.js:5884
MainLoop_runner @ ioquake3_opengl2.wasm32.js:5790
requestAnimationFrame
requestAnimationFrame @ ioquake3_opengl2.wasm32.js:5906
MainLoop_scheduler_rAF @ ioquake3_opengl2.wasm32.js:5622
MainLoop_runner @ ioquake3_opengl2.wasm32.js:5795
requestAnimationFrame
requestAnimationFrame @ ioquake3_opengl2.wasm32.js:5906
MainLoop_scheduler_rAF @ ioquake3_opengl2.wasm32.js:5622
MainLoop_runner @ ioquake3_opengl2.wasm32.js:5795
requestAnimationFrame
requestAnimationFrame @ ioquake3_opengl2.wasm32.js:5906
MainLoop_scheduler_rAF @ ioquake3_opengl2.wasm32.js:5622
MainLoop_runner @ ioquake3_opengl2.wasm32.js:5795
requestAnimationFrame
requestAnimationFrame @ ioquake3_opengl2.wasm32.js:5906
MainLoop_scheduler_rAF @ ioquake3_opengl2.wasm32.js:5622
MainLoop_runner @ ioquake3_opengl2.wasm32.js:5795
requestAnimationFrame
requestAnimationFrame @ ioquake3_opengl2.wasm32.js:5906
MainLoop_scheduler_rAF @ ioquake3_opengl2.wasm32.js:5622
MainLoop_runner @ ioquake3_opengl2.wasm32.js:5795
requestAnimationFrame
requestAnimationFrame @ ioquake3_opengl2.wasm32.js:5906
MainLoop_scheduler_rAF @ ioquake3_opengl2.wasm32.js:5622
MainLoop_runner @ ioquake3_opengl2.wasm32.js:5795
requestAnimationFrame
requestAnimationFrame @ ioquake3_opengl2.wasm32.js:5906
MainLoop_scheduler_rAF @ ioquake3_opengl2.wasm32.js:5622
MainLoop_runner @ ioquake3_opengl2.wasm32.js:5795
requestAnimationFrame
requestAnimationFrame @ ioquake3_opengl2.wasm32.js:5906
MainLoop_scheduler_rAF @ ioquake3_opengl2.wasm32.js:5622
MainLoop_runner @ ioquake3_opengl2.wasm32.js:5795
requestAnimationFrame
requestAnimationFrame @ ioquake3_opengl2.wasm32.js:5906
MainLoop_scheduler_rAF @ ioquake3_opengl2.wasm32.js:5622
setMainLoop @ ioquake3_opengl2.wasm32.js:5806
_emscripten_set_main_loop @ ioquake3_opengl2.wasm32.js:13223
$__main_argc_argv @ ioquake3_opengl2.wasm32.wasm:0x88e06
(anonymous) @ ioquake3_opengl2.wasm32.js:640
callMain @ ioquake3_opengl2.wasm32.js:15584
doRun @ ioquake3_opengl2.wasm32.js:15638
run @ ioquake3_opengl2.wasm32.js:15651
removeRunDependency @ ioquake3_opengl2.wasm32.js:594
ioquake3.default.preRun @ game.js:774
await in ioquake3.default.preRun
callRuntimeCallbacks @ ioquake3_opengl2.wasm32.js:817
preRun @ ioquake3_opengl2.wasm32.js:487
run @ ioquake3_opengl2.wasm32.js:15612
ioquake3 @ ioquake3_opengl2.wasm32.js:15706
await in ioquake3
(anonymous) @ game.js:467
Promise.then
(anonymous) @ game.js:466
PendingScript
(anonymous) @ game.html?multiplayer=&role=server&map=q3ctf2&server=ioq3.313787966&gametype=4&fraglimit=25&timelimit=0&username=Player_209_gst&ordered=false&maxplayers=26&bots=5&skin=anarki&seed=313787966:249
postMessage
t @ index-LlSKwgcD.js:33
(anonymous) @ index-LlSKwgcD.js:33
postMessage
(anonymous) @ game.html?multiplayer=&role=server&map=q3ctf2&server=ioq3.313787966&gametype=4&fraglimit=25&timelimit=0&username=Player_209_gst&ordered=false&maxplayers=26&bots=5&skin=anarki&seed=313787966:252
game.js:498 0 arenas parsed
game.js:25 32 bots parsed

window.dzEvent @ game.js:25
5522784 @ ioquake3_opengl2.wasm32.js:14536
runEmAsmFunction @ ioquake3_opengl2.wasm32.js:9536
_emscripten_asm_const_int @ ioquake3_opengl2.wasm32.js:9539
$func696 @ ioquake3_opengl2.wasm32.wasm:0x1b803
$func1578 @ ioquake3_opengl2.wasm32.wasm:0x5b6cf
$func1575 @ ioquake3_opengl2.wasm32.wasm:0x5b12e
$func700 @ ioquake3_opengl2.wasm32.wasm:0x1c8e3
$func602 @ ioquake3_opengl2.wasm32.wasm:0x1223c
$func601 @ ioquake3_opengl2.wasm32.wasm:0x12194
$func628 @ ioquake3_opengl2.wasm32.wasm:0x139a3
$func631 @ ioquake3_opengl2.wasm32.wasm:0x13d2d
$func676 @ ioquake3_opengl2.wasm32.wasm:0x19948
$func679 @ ioquake3_opengl2.wasm32.wasm:0x19ddd
$func639 @ ioquake3_opengl2.wasm32.wasm:0x15bb0
$func880 @ ioquake3_opengl2.wasm32.wasm:0x298d5
invoke_i @ ioquake3_opengl2.wasm32.js:15529
$Com_Frame @ ioquake3_opengl2.wasm32.wasm:0x2d7c0
callUserCallback @ ioquake3_opengl2.wasm32.js:5821
runIter @ ioquake3_opengl2.wasm32.js:5884
MainLoop_runner @ ioquake3_opengl2.wasm32.js:5790
requestAnimationFrame
requestAnimationFrame @ ioquake3_opengl2.wasm32.js:5906
MainLoop_scheduler_rAF @ ioquake3_opengl2.wasm32.js:5622
MainLoop_runner @ ioquake3_opengl2.wasm32.js:5795
requestAnimationFrame
requestAnimationFrame @ ioquake3_opengl2.wasm32.js:5906
MainLoop_scheduler_rAF @ ioquake3_opengl2.wasm32.js:5622
MainLoop_runner @ ioquake3_opengl2.wasm32.js:5795
requestAnimationFrame
requestAnimationFrame @ ioquake3_opengl2.wasm32.js:5906
MainLoop_scheduler_rAF @ ioquake3_opengl2.wasm32.js:5622
MainLoop_runner @ ioquake3_opengl2.wasm32.js:5795
requestAnimationFrame
requestAnimationFrame @ ioquake3_opengl2.wasm32.js:5906
MainLoop_scheduler_rAF @ ioquake3_opengl2.wasm32.js:5622
MainLoop_runner @ ioquake3_opengl2.wasm32.js:5795
requestAnimationFrame
requestAnimationFrame @ ioquake3_opengl2.wasm32.js:5906
MainLoop_scheduler_rAF @ ioquake3_opengl2.wasm32.js:5622
MainLoop_runner @ ioquake3_opengl2.wasm32.js:5795
requestAnimationFrame
requestAnimationFrame @ ioquake3_opengl2.wasm32.js:5906
MainLoop_scheduler_rAF @ ioquake3_opengl2.wasm32.js:5622
MainLoop_runner @ ioquake3_opengl2.wasm32.js:5795
requestAnimationFrame
requestAnimationFrame @ ioquake3_opengl2.wasm32.js:5906
MainLoop_scheduler_rAF @ ioquake3_opengl2.wasm32.js:5622
MainLoop_runner @ ioquake3_opengl2.wasm32.js:5795
requestAnimationFrame
requestAnimationFrame @ ioquake3_opengl2.wasm32.js:5906
MainLoop_scheduler_rAF @ ioquake3_opengl2.wasm32.js:5622
MainLoop_runner @ ioquake3_opengl2.wasm32.js:5795
requestAnimationFrame
requestAnimationFrame @ ioquake3_opengl2.wasm32.js:5906
MainLoop_scheduler_rAF @ ioquake3_opengl2.wasm32.js:5622
setMainLoop @ ioquake3_opengl2.wasm32.js:5806
_emscripten_set_main_loop @ ioquake3_opengl2.wasm32.js:13223
$__main_argc_argv @ ioquake3_opengl2.wasm32.wasm:0x88e06
(anonymous) @ ioquake3_opengl2.wasm32.js:640
callMain @ ioquake3_opengl2.wasm32.js:15584
doRun @ ioquake3_opengl2.wasm32.js:15638
run @ ioquake3_opengl2.wasm32.js:15651
removeRunDependency @ ioquake3_opengl2.wasm32.js:594
ioquake3.default.preRun @ game.js:774
await in ioquake3.default.preRun
callRuntimeCallbacks @ ioquake3_opengl2.wasm32.js:817
preRun @ ioquake3_opengl2.wasm32.js:487
run @ ioquake3_opengl2.wasm32.js:15612
ioquake3 @ ioquake3_opengl2.wasm32.js:15706
await in ioquake3
(anonymous) @ game.js:467
Promise.then
(anonymous) @ game.js:466
PendingScript
(anonymous) @ game.html?multiplayer=&role=server&map=q3ctf2&server=ioq3.313787966&gametype=4&fraglimit=25&timelimit=0&username=Player_209_gst&ordered=false&maxplayers=26&bots=5&skin=anarki&seed=313787966:249
postMessage
t @ index-LlSKwgcD.js:33
(anonymous) @ index-LlSKwgcD.js:33
postMessage
(anonymous) @ game.html?multiplayer=&role=server&map=q3ctf2&server=ioq3.313787966&gametype=4&fraglimit=25&timelimit=0&username=Player_209_gst&ordered=false&maxplayers=26&bots=5&skin=anarki&seed=313787966:252
game.js:498 32 bots parsed
game.js:498 Loading vm file vm/cgame.qvm...
game.js:498 File "vm/cgame.qvm" found in "./demoq3/ztm-flexible-hud.pk3"
game.js:498 ...which has vmMagic VM_MAGIC_VER2
game.js:498 Loading 820 jump table targets
game.js:498 Architecture doesn't have a bytecode compiler, using interpreter
game.js:498 cgame loaded in 3785408 bytes on the hunk
game.js:498 stitched 28 LoD cracks
game.js:498 ...loaded 9785 faces, 536 meshes, 48 trisurfs, 481 flares
game.js:498 CL_InitCGame:  2.10 seconds
game.js:498 2 msec to draw all images
game.js:498 Com_TouchMemory: 0 msec
ioquake3_opengl2.wasm32.js:1398 0 -> 6 -> 0x4ff7c0 -> 84
ioquake3_opengl2.wasm32.js:1398 My peer id is 1634464841
ioquake3_opengl2.wasm32.js:1398 No STUN/TURN credentials provided by the server
game.js:498 Assigned PeerId: 1634464841...
game.js:498 Player_209_gst^7 entered the game
game.js:498 Public server name changed to "ioq3.313787966"
index-LlSKwgcD.js:1 https://cdn.dos.zone/q3/v30/game.html?multiplayer&role=server&map=q3ctf2&server=ioq3.313787966&gametype=4&fraglimit=25&timelimit=0&username=Player_209_gst&ordered=false&maxplayers=26&bots=5&skin=anarki
index-LlSKwgcD.js:1 https://cdn.dos.zone/q3/v30/game.html?multiplayer&role=server&map=q3ctf2&server=ioq3.313787966&gametype=4&fraglimit=25&timelimit=0&username=Player_209_gst&ordered=false&maxplayers=26&bots=5&skin=anarki
index-LlSKwgcD.js:1 https://cdn.dos.zone/q3/v30/game.html?multiplayer&role=server&map=q3ctf2&server=ioq3.313787966&gametype=4&fraglimit=25&timelimit=0&username=Player_209_gst&ordered=false&maxplayers=26&bots=5&skin=anarki
index-LlSKwgcD.js:1 https://cdn.dos.zone/q3/v30/game.html?multiplayer&role=server&map=q3ctf2&server=ioq3.313787966&gametype=4&fraglimit=25&timelimit=0&username=Player_209_gst&ordered=false&maxplayers=26&bots=5&skin=anarki
index-LlSKwgcD.js:1 https://cdn.dos.zone/q3/v30/game.html?multiplayer&role=server&map=q3ctf2&server=ioq3.313787966&gametype=4&fraglimit=25&timelimit=0&username=Player_209_gst&ordered=false&maxplayers=26&bots=5&skin=anarki
index-LlSKwgcD.js:1 https://cdn.dos.zone/q3/v30/game.html?multiplayer&role=server&map=q3ctf2&server=ioq3.313787966&gametype=4&fraglimit=25&timelimit=0&username=Player_209_gst&ordered=false&maxplayers=26&bots=5&skin=anarki
game.js:498 loaded skill 1 from bots/default_c.c
game.js:498 loaded skill 1 from bots/anarki_c.c
game.js:498 loaded skill 4 from bots/default_c.c
game.js:498 loaded skill 4 from bots/anarki_c.c
game.js:498 loaded bots/anarki_i.c
game.js:498 loaded bots/anarki_w.c
game.js:498 loaded anarki from bots/anarki_t.c
game.js:498 loaded cached skill 1.000000 from bots/default_c.c
game.js:498 loaded skill 1 from bots/slash_c.c
game.js:498 loaded cached skill 4.000000 from bots/default_c.c
game.js:498 loaded skill 4 from bots/slash_c.c
game.js:498 loaded bots/slash_i.c
game.js:498 loaded bots/slash_w.c
game.js:498 loaded slash from bots/slash_t.c
game.js:498 [BOT] ^1A^2n^3a^4r^5k^6i^7 connected
game.js:498 [BOT] ^1A^2n^3a^4r^5k^6i^7 entered the game
game.js:498 [BOT] Slash^7 connected
game.js:498 [BOT] Slash^7 entered the game
index-LlSKwgcD.js:1 https://cdn.dos.zone/q3/v30/game.html?multiplayer&role=server&map=q3ctf2&server=ioq3.313787966&gametype=4&fraglimit=25&timelimit=0&username=Player_209_gst&ordered=false&maxplayers=26&bots=5&skin=anarki
game.js:498 Event~q3!Say~q3![BOT] ^1A^2n^3a^4r^5k^6i~q3!I'm defending the Blue Flag.
index-LlSKwgcD.js:1 https://cdn.dos.zone/q3/v30/game.html?multiplayer&role=server&map=q3ctf2&server=ioq3.313787966&gametype=4&fraglimit=25&timelimit=0&username=Player_209_gst&ordered=false&maxplayers=26&bots=5&skin=anarki
index-LlSKwgcD.js:1 https://cdn.dos.zone/q3/v30/game.html?multiplayer&role=server&map=q3ctf2&server=ioq3.313787966&gametype=4&fraglimit=25&timelimit=0&username=Player_209_gst&ordered=false&maxplayers=26&bots=5&skin=anarki
index-LlSKwgcD.js:1 foreground: false visible: true hasFocus: false
(anonymous) @ index-LlSKwgcD.js:1
index-LlSKwgcD.js:1 https://cdn.dos.zone/q3/v30/game.html?multiplayer&role=server&map=q3ctf2&server=ioq3.313787966&gametype=4&fraglimit=25&timelimit=0&username=Player_209_gst&ordered=false&maxplayers=26&bots=5&skin=anarki
index-LlSKwgcD.js:1 https://cdn.dos.zone/q3/v30/game.html?multiplayer&role=server&map=q3ctf2&server=ioq3.313787966&gametype=4&fraglimit=25&timelimit=0&username=Player_209_gst&ordered=false&maxplayers=26&bots=5&skin=anarki
index-LlSKwgcD.js:1 https://cdn.dos.zone/q3/v30/game.html?multiplayer&role=server&map=q3ctf2&server=ioq3.313787966&gametype=4&fraglimit=25&timelimit=0&username=Player_209_gst&ordered=false&maxplayers=26&bots=5&skin=anarki
index-LlSKwgcD.js:1 https://cdn.dos.zone/q3/v30/game.html?multiplayer&role=server&map=q3ctf2&server=ioq3.313787966&gametype=4&fraglimit=25&timelimit=0&username=Player_209_gst&ordered=false&maxplayers=26&bots=5&skin=anarki
index-LlSKwgcD.js:1 https://cdn.dos.zone/q3/v30/game.html?multiplayer&role=server&map=q3ctf2&server=ioq3.313787966&gametype=4&fraglimit=25&timelimit=0&username=Player_209_gst&ordered=false&maxplayers=26&bots=5&skin=anarki
game.js:498 loaded cached skill 1.000000 from bots/default_c.c
game.js:498 loaded skill 1 from bots/phobos_c.c
game.js:498 loaded cached skill 4.000000 from bots/default_c.c
game.js:498 loaded skill 4 from bots/phobos_c.c
game.js:498 loaded bots/phobos_i.c
game.js:498 loaded bots/phobos_w.c
game.js:498 loaded phobos from bots/phobos_t.c
game.js:498 loaded cached skill 1.000000 from bots/default_c.c
game.js:498 loaded skill 1 from bots/ranger_c.c
game.js:498 loaded cached skill 4.000000 from bots/default_c.c
game.js:498 loaded skill 4 from bots/ranger_c.c
game.js:498 loaded bots/ranger_i.c
game.js:498 loaded bots/ranger_w.c
game.js:498 loaded ranger from bots/ranger_t.c
game.js:498 [BOT] Phobos^7 connected
game.js:498 [BOT] Phobos^7 entered the game
game.js:498 [BOT] Ranger^7 connected
game.js:498 [BOT] Ranger^7 entered the game
index-LlSKwgcD.js:1 https://cdn.dos.zone/q3/v30/game.html?multiplayer&role=server&map=q3ctf2&server=ioq3.313787966&gametype=4&fraglimit=25&timelimit=0&username=Player_209_gst&ordered=false&maxplayers=26&bots=5&skin=anarki
index-LlSKwgcD.js:1 https://cdn.dos.zone/q3/v30/game.html?multiplayer&role=server&map=q3ctf2&server=ioq3.313787966&gametype=4&fraglimit=25&timelimit=0&username=Player_209_gst&ordered=false&maxplayers=26&bots=5&skin=anarki
game.js:498 Event~q3!Say~q3![BOT] Phobos~q3!Leave defending the Blue Flag to me.
game.js:498 Event~q3!Say~q3![BOT] Slash~q3![BOT] Ranger defend the base
index-LlSKwgcD.js:1 https://cdn.dos.zone/q3/v30/game.html?multiplayer&role=server&map=q3ctf2&server=ioq3.313787966&gametype=4&fraglimit=25&timelimit=0&username=Player_209_gst&ordered=false&maxplayers=26&bots=5&skin=anarki
game.js:498 Event~q3!Say~q3![BOT] Ranger~q3!Leave guarding the Red Flag to me.
index-LlSKwgcD.js:1 https://cdn.dos.zone/q3/v30/game.html?multiplayer&role=server&map=q3ctf2&server=ioq3.313787966&gametype=4&fraglimit=25&timelimit=0&username=Player_209_gst&ordered=false&maxplayers=26&bots=5&skin=anarki
index-LlSKwgcD.js:1 https://cdn.dos.zone/q3/v30/game.html?multiplayer&role=server&map=q3ctf2&server=ioq3.313787966&gametype=4&fraglimit=25&timelimit=0&username=Player_209_gst&ordered=false&maxplayers=26&bots=5&skin=anarki
index-LlSKwgcD.js:1 https://cdn.dos.zone/q3/v30/game.html?multiplayer&role=server&map=q3ctf2&server=ioq3.313787966&gametype=4&fraglimit=25&timelimit=0&username=Player_209_gst&ordered=false&maxplayers=26&bots=5&skin=anarki
game.js:498 Event~q3!Say~q3![BOT] Slash~q3!I am off to grab the enemy flag!
index-LlSKwgcD.js:1 https://cdn.dos.zone/q3/v30/game.html?multiplayer&role=server&map=q3ctf2&server=ioq3.313787966&gametype=4&fraglimit=25&timelimit=0&username=Player_209_gst&ordered=false&maxplayers=26&bots=5&skin=anarki
game.js:498 loaded cached skill 1.000000 from bots/default_c.c
game.js:498 loaded skill 1 from bots/stripe_c.c
game.js:498 loaded cached skill 4.000000 from bots/default_c.c
game.js:498 loaded skill 4 from bots/stripe_c.c
game.js:498 loaded bots/stripe_i.c
game.js:498 loaded bots/stripe_w.c
game.js:498 loaded stripe from bots/stripe_t.c
game.js:498 loaded cached skill 1.000000 from bots/default_c.c
game.js:498 loaded skill 1 from bots/hossman_c.c
game.js:498 loaded cached skill 4.000000 from bots/default_c.c
game.js:498 loaded skill 4 from bots/hossman_c.c
game.js:498 loaded bots/hossman_i.c
game.js:498 loaded bots/hossman_w.c
game.js:498 loaded hossman from bots/hossman_t.c
game.js:498 [BOT] Stripe^7 connected
game.js:498 [BOT] Stripe^7 entered the game
game.js:498 [BOT] Hossman^7 connected
game.js:498 [BOT] Hossman^7 entered the game
index-LlSKwgcD.js:1 https://cdn.dos.zone/q3/v30/game.html?multiplayer&role=server&map=q3ctf2&server=ioq3.313787966&gametype=4&fraglimit=25&timelimit=0&username=Player_209_gst&ordered=false&maxplayers=26&bots=5&skin=anarki
index-LlSKwgcD.js:1 https://cdn.dos.zone/q3/v30/game.html?multiplayer&role=server&map=q3ctf2&server=ioq3.313787966&gametype=4&fraglimit=25&timelimit=0&username=Player_209_gst&ordered=false&maxplayers=26&bots=5&skin=anarki
game.js:498 Event~q3!Say~q3![BOT] Stripe~q3!Leave defending the Blue Flag to me.
index-LlSKwgcD.js:33 room room.hldm.dfc.427989169 removed
index-LlSKwgcD.js:1 https://cdn.dos.zone/q3/v30/game.html?multiplayer&role=server&map=q3ctf2&server=ioq3.313787966&gametype=4&fraglimit=25&timelimit=0&username=Player_209_gst&ordered=false&maxplayers=26&bots=5&skin=anarki
game.js:498 Event~q3!Say~q3![BOT] Slash~q3![BOT] Ranger guard the base
game.js:498 Event~q3!Say~q3![BOT] Slash~q3![BOT] Big Fella defend the base
game.js:498 Event~q3!Say~q3![BOT] Ranger~q3!Who is the team leader
game.js:498 Event~q3!Say~q3![BOT] Hossman~q3!I'm on my way to capture the enemy flag.
index-LlSKwgcD.js:1 https://cdn.dos.zone/q3/v30/game.html?multiplayer&role=server&map=q3ctf2&server=ioq3.313787966&gametype=4&fraglimit=25&timelimit=0&username=Player_209_gst&ordered=false&maxplayers=26&bots=5&skin=anarki
index-LlSKwgcD.js:1 https://cdn.dos.zone/q3/v30/game.html?multiplayer&role=server&map=q3ctf2&server=ioq3.313787966&gametype=4&fraglimit=25&timelimit=0&username=Player_209_gst&ordered=false&maxplayers=26&bots=5&skin=anarki
game.js:498 Event~q3!Say~q3![BOT] Slash~q3!I am on my way to capture the enemy flag.
index-LlSKwgcD.js:1 https://cdn.dos.zone/q3/v30/game.html?multiplayer&role=server&map=q3ctf2&server=ioq3.313787966&gametype=4&fraglimit=25&timelimit=0&username=Player_209_gst&ordered=false&maxplayers=26&bots=5&skin=anarki
game.js:498 Event~q3!Say~q3![BOT] Hossman~q3!Is there a team leader
game.js:498 [BOT] Slash^7 got the BLUE flag!
index-LlSKwgcD.js:1 https://cdn.dos.zone/q3/v30/game.html?multiplayer&role=server&map=q3ctf2&server=ioq3.313787966&gametype=4&fraglimit=25&timelimit=0&username=Player_209_gst&ordered=false&maxplayers=26&bots=5&skin=anarki
game.js:498 loaded cached skill 2.000000 from bots/phobos_c.c
game.js:498 loaded cached skill 1.000000 from bots/default_c.c
game.js:498 loaded skill 1 from bots/hunter_c.c
game.js:498 loaded cached skill 4.000000 from bots/default_c.c
game.js:498 loaded skill 4 from bots/hunter_c.c
game.js:498 loaded bots/hunter_i.c
game.js:498 loaded bots/hunter_w.c
game.js:498 loaded hunter from bots/hunter_t.c
game.js:498 [BOT] Phobos^7 connected
game.js:498 [BOT] Phobos^7 entered the game
game.js:498 [BOT] Hunter^7 connected
game.js:498 [BOT] Hunter^7 entered the game
index-LlSKwgcD.js:1 https://cdn.dos.zone/q3/v30/game.html?multiplayer&role=server&map=q3ctf2&server=ioq3.313787966&gametype=4&fraglimit=25&timelimit=0&username=Player_209_gst&ordered=false&maxplayers=26&bots=5&skin=anarki
index-LlSKwgcD.js:1 https://cdn.dos.zone/q3/v30/game.html?multiplayer&role=server&map=q3ctf2&server=ioq3.313787966&gametype=4&fraglimit=25&timelimit=0&username=Player_209_gst&ordered=false&maxplayers=26&bots=5&skin=anarki
game.js:498 Event~q3!Say~q3![BOT] Ranger~q3!I am the team leader
game.js:498 Event~q3!Kill~q3![BOT] Slash~q3![BOT] Stripe~q3!MOD_SHOTGUN~q3!1102849491
game.js:498 [BOT] Stripe^7 was gunned down by [BOT] Slash^7
index-LlSKwgcD.js:1 https://cdn.dos.zone/q3/v30/game.html?multiplayer&role=server&map=q3ctf2&server=ioq3.313787966&gametype=4&fraglimit=25&timelimit=0&username=Player_209_gst&ordered=false&maxplayers=26&bots=5&skin=anarki
game.js:498 Event~q3!Say~q3![BOT] Slash~q3![BOT] Old Timer defend the base
game.js:498 Event~q3!Say~q3![BOT] Slash~q3![BOT] Ice Queen guard the base
game.js:498 Event~q3!Say~q3![BOT] Slash~q3![BOT] Guido guard the base
game.js:498 Event~q3!Say~q3![BOT] Slash~q3![BOT] Big Fella accompany me
index-LlSKwgcD.js:1 https://cdn.dos.zone/q3/v30/game.html?multiplayer&role=server&map=q3ctf2&server=ioq3.313787966&gametype=4&fraglimit=25&timelimit=0&username=Player_209_gst&ordered=false&maxplayers=26&bots=5&skin=anarki
game.js:498 Event~q3!Say~q3![BOT] Ranger~q3![BOT] Princess defend the base
game.js:498 Event~q3!Say~q3![BOT] Ranger~q3![BOT] Hossman guard the base
game.js:498 Event~q3!Say~q3![BOT] Ranger~q3![BOT] Hossman accompany [BOT] Slash
game.js:498 Event~q3!Say~q3![BOT] Hunter~q3!I am going in for the capture!
game.js:498 Event~q3!Say~q3![BOT] Hunter~q3!who's the team leader
index-LlSKwgcD.js:1 https://cdn.dos.zone/q3/v30/game.html?multiplayer&role=server&map=q3ctf2&server=ioq3.313787966&gametype=4&fraglimit=25&timelimit=0&username=Player_209_gst&ordered=false&maxplayers=26&bots=5&skin=anarki
game.js:498 Event~q3!Kill~q3![BOT] Slash~q3![BOT] Stripe~q3!MOD_SHOTGUN~q3!1102849491
game.js:498 [BOT] Stripe^7 was gunned down by [BOT] Slash^7
game.js:498 Event~q3!Say~q3![BOT] Ranger~q3!I am on guard at the Red Flag!
index-LlSKwgcD.js:1 https://cdn.dos.zone/q3/v30/game.html?multiplayer&role=server&map=q3ctf2&server=ioq3.313787966&gametype=4&fraglimit=25&timelimit=0&username=Player_209_gst&ordered=false&maxplayers=26&bots=5&skin=anarki
index-LlSKwgcD.js:1 https://cdn.dos.zone/q3/v30/game.html?multiplayer&role=server&map=q3ctf2&server=ioq3.313787966&gametype=4&fraglimit=25&timelimit=0&username=Player_209_gst&ordered=false&maxplayers=26&bots=5&skin=anarki
 loaded cached skill 1.000000 from bots/default_c.c
 loaded skill 1 from bots/mynx_c.c
 loaded cached skill 4.000000 from bots/default_c.c
 loaded skill 4 from bots/mynx_c.c
 loaded bots/mynx_i.c
 loaded bots/mynx_w.c
 loaded mynx from bots/mynx_t.c
 [BOT] Mynx^7 connected
 [BOT] Mynx^7 entered the game
 ==== RTC AVGs (estimated: true ) ====
 RTC ee2.dos.zone rtt(http): 61.37
 RTC anfit.pp.ua rtt(http): 69.37
 RTC lvc.dos.zone rtt(http): 79.63
 RTC ee.dos.zone rtt(http): 88.10
 RTC spb.dos.zone rtt(http): 110.83
 RTC newyork.dos.zone rtt(http): 135.33
 https://cdn.dos.zone/q3/v30/game.html?multiplayer&role=server&map=q3ctf2&server=ioq3.313787966&gametype=4&fraglimit=25&timelimit=0&username=Player_209_gst&ordered=false&maxplayers=26&bots=5&skin=anarki
 Event~q3!Kill~q3![BOT] Hossman~q3!Player_209_gst~q3!MOD_PLASMA~q3!4142920775
 Player_209_gst^7 was melted by [BOT] Hossman^7's plasmagun
 https://cdn.dos.zone/q3/v30/game.html?multiplayer&role=server&map=q3ctf2&server=ioq3.313787966&gametype=4&fraglimit=25&timelimit=0&username=Player_209_gst&ordered=false&maxplayers=26&bots=5&skin=anarki
 Event~q3!Say~q3![BOT] Ranger~q3![BOT] Hunter guard the base
 Event~q3!Say~q3![BOT] Ranger~q3![BOT] Mynxie guard the base
 Event~q3!Say~q3![BOT] Ranger~q3![BOT] Mikey follow [BOT] Slash
 Event~q3!Say~q3![BOT] Slash~q3![BOT] Ranger guard the base
 Event~q3!Say~q3![BOT] Slash~q3![BOT] Mynx defend the base
 Event~q3!Say~q3![BOT] Slash~q3![BOT] Hunter defend the base
 Event~q3!Say~q3![BOT] Slash~q3![BOT] Big Fella follow me
 Event~q3!Say~q3![BOT] Slash~q3![BOT] Hunter accompany me
 https://cdn.dos.zone/q3/v30/game.html?multiplayer&role=server&map=q3ctf2&server=ioq3.313787966&gametype=4&fraglimit=25&timelimit=0&username=Player_209_gst&ordered=false&maxplayers=26&bots=5&skin=anarki
 Event~q3!Say~q3![BOT] Hossman~q3!I am the team leader
 https://cdn.dos.zone/q3/v30/game.html?multiplayer&role=server&map=q3ctf2&server=ioq3.313787966&gametype=4&fraglimit=25&timelimit=0&username=Player_209_gst&ordered=false&maxplayers=26&bots=5&skin=anarki
 Event~q3!Say~q3![BOT] Ranger~q3!Leave guarding the Red Flag to me.
 https://cdn.dos.zone/q3/v30/game.html?multiplayer&role=server&map=q3ctf2&server=ioq3.313787966&gametype=4&fraglimit=25&timelimit=0&username=Player_209_gst&ordered=false&maxplayers=26&bots=5&skin=anarki
 Event~q3!Say~q3![BOT] Hossman~q3![BOT] Ranger guard the base
 Event~q3!Say~q3![BOT] Hossman~q3![BOT] Mynx defend the base
 Event~q3!Say~q3![BOT] Hossman~q3![BOT] Hunter guard the base
 Event~q3!Say~q3![BOT] Hossman~q3![BOT] Hunter accompany [BOT] Slash
 https://cdn.dos.zone/q3/v30/game.html?multiplayer&role=server&map=q3ctf2&server=ioq3.313787966&gametype=4&fraglimit=25&timelimit=0&username=Player_209_gst&ordered=false&maxplayers=26&bots=5&skin=anarki
 Event~q3!Say~q3![BOT] Hunter~q3!I'm the team leader
 Event~q3!Say~q3![BOT] Mynx~q3!Is there a team leader
 https://cdn.dos.zone/q3/v30/game.html?multiplayer&role=server&map=q3ctf2&server=ioq3.313787966&gametype=4&fraglimit=25&timelimit=0&username=Player_209_gst&ordered=false&maxplayers=26&bots=5&skin=anarki
 Event~q3!Say~q3![BOT] Hossman~q3!I will be your companion Roller Girl.
 https://cdn.dos.zone/q3/v30/game.html?multiplayer&role=server&map=q3ctf2&server=ioq3.313787966&gametype=4&fraglimit=25&timelimit=0&username=Player_209_gst&ordered=false&maxplayers=26&bots=5&skin=anarki
 Event~q3!Say~q3![BOT] Phobos~q3!I am on guard at the Blue Flag!
 Event~q3!Say~q3![BOT] Hunter~q3![BOT] Roller Queen defend the base
 Event~q3!Say~q3![BOT] Hunter~q3![BOT] Q Dude guard the base
 Event~q3!Say~q3![BOT] Hunter~q3![BOT] Big Guy get the enemy flag
 Event~q3!Say~q3![BOT] Hunter~q3![BOT] Hotstuff get the flag
 https://cdn.dos.zone/q3/v30/game.html?multiplayer&role=server&map=q3ctf2&server=ioq3.313787966&gametype=4&fraglimit=25&timelimit=0&username=Player_209_gst&ordered=false&maxplayers=26&bots=5&skin=anarki
 [BOT] Slash^7 captured the BLUE flag!
 [BOT] Hunter^7 got the BLUE flag!
 https://cdn.dos.zone/q3/v30/game.html?multiplayer&role=server&map=q3ctf2&server=ioq3.313787966&gametype=4&fraglimit=25&timelimit=0&username=Player_209_gst&ordered=false&maxplayers=26&bots=5&skin=anarki
 https://cdn.dos.zone/q3/v30/game.html?multiplayer&role=server&map=q3ctf2&server=ioq3.313787966&gametype=4&fraglimit=25&timelimit=0&username=Player_209_gst&ordered=false&maxplayers=26&bots=5&skin=anarki
 Event~q3!Say~q3![BOT] Hossman~q3![BOT] Q Dude guard the base
 Event~q3!Say~q3![BOT] Hossman~q3![BOT] Roller Girl guard the base
 Event~q3!Say~q3![BOT] Hossman~q3![BOT] Mynx guard the base
 Event~q3!Say~q3![BOT] Ranger~q3![BOT] Roller Girl defend the base
 Event~q3!Say~q3![BOT] Ranger~q3![BOT] Mynxie guard the base
 Event~q3!Say~q3![BOT] Ranger~q3![BOT] Big Fella guard the base
 Event~q3!Say~q3![BOT] Ranger~q3![BOT] Big Fella accompany [BOT] Ice Queen
 Event~q3!Say~q3![BOT] Slash~q3![BOT] Q Dude defend the base
 Event~q3!Say~q3![BOT] Slash~q3![BOT] Mynx guard the base
 Event~q3!Say~q3![BOT] Slash~q3![BOT] Chaperone guard the base
 Event~q3!Say~q3![BOT] Slash~q3![BOT] Guido follow [BOT] Ice Queen
 https://cdn.dos.zone/q3/v30/game.html?multiplayer&role=server&map=q3ctf2&server=ioq3.313787966&gametype=4&fraglimit=25&timelimit=0&username=Player_209_gst&ordered=false&maxplayers=26&bots=5&skin=anarki
 Event~q3!Kill~q3![BOT] Mynx~q3![BOT] Phobos~q3!MOD_GRENADE~q3!2989991366
 [BOT] Phobos^7 ate [BOT] Mynx^7's grenade
 Event~q3!Say~q3![BOT] Hunter~q3![BOT] Quaker guard the base
 Event~q3!Say~q3![BOT] Hunter~q3![BOT] Slash guard the base
 Event~q3!Say~q3![BOT] Hunter~q3![BOT] Mynx guard the base
 Event~q3!Say~q3![BOT] Hunter~q3![BOT] Big Fella guard the base
 Event~q3!Say~q3![BOT] Hunter~q3![BOT] Hossman accompany me
 Event~q3!Say~q3![BOT] Hossman~q3!Yes. hunter, I'll accompany you.
 https://cdn.dos.zone/q3/v30/game.html?multiplayer&role=server&map=q3ctf2&server=ioq3.313787966&gametype=4&fraglimit=25&timelimit=0&username=Player_209_gst&ordered=false&maxplayers=26&bots=5&skin=anarki
 Event~q3!Say~q3![BOT] Slash~q3!Leave defending the Red Flag to me.
 Event~q3!Kill~q3![BOT] Mynx~q3![BOT] ^1A^2n^3a^4r^5k^6i~q3!MOD_GRENADE_SPLASH~q3!838052836
 [BOT] ^1A^2n^3a^4r^5k^6i^7 was shredded by [BOT] Mynx^7's shrapnel
 https://cdn.dos.zone/q3/v30/game.html?multiplayer&role=server&map=q3ctf2&server=ioq3.313787966&gametype=4&fraglimit=25&timelimit=0&username=Player_209_gst&ordered=false&maxplayers=26&bots=5&skin=anarki
 Event~q3!Say~q3![BOT] Ranger~q3!I'm on guard at the Red Flag!
 https://cdn.dos.zone/q3/v30/game.html?multiplayer&role=server&map=q3ctf2&server=ioq3.313787966&gametype=4&fraglimit=25&timelimit=0&username=Player_209_gst&ordered=false&maxplayers=26&bots=5&skin=anarki
 Event~q3!Say~q3![BOT] Hossman~q3!Ready for your command Feather-head.
 https://cdn.dos.zone/q3/v30/game.html?multiplayer&role=server&map=q3ctf2&server=ioq3.313787966&gametype=4&fraglimit=25&timelimit=0&username=Player_209_gst&ordered=false&maxplayers=26&bots=5&skin=anarki
 Event~q3!Say~q3![BOT] Mynx~q3!I'm the team leader
 https://cdn.dos.zone/q3/v30/game.html?multiplayer&role=server&map=q3ctf2&server=ioq3.313787966&gametype=4&fraglimit=25&timelimit=0&username=Player_209_gst&ordered=false&maxplayers=26&bots=5&skin=anarki
 https://cdn.dos.zone/q3/v30/game.html?multiplayer&role=server&map=q3ctf2&server=ioq3.313787966&gametype=4&fraglimit=25&timelimit=0&username=Player_209_gst&ordered=false&maxplayers=26&bots=5&skin=anarki
 Event~q3!Say~q3![BOT] Mynx~q3![BOT] Guido defend the base
 Event~q3!Say~q3![BOT] Mynx~q3![BOT] Roller Queen guard the base
 Event~q3!Say~q3![BOT] Mynx~q3![BOT] Q Dude guard the base
 https://cdn.dos.zone/q3/v30/game.html?multiplayer&role=server&map=q3ctf2&server=ioq3.313787966&gametype=4&fraglimit=25&timelimit=0&username=Player_209_gst&ordered=false&maxplayers=26&bots=5&skin=anarki
 [BOT] Phobos^7 got the RED flag!
 https://cdn.dos.zone/q3/v30/game.html?multiplayer&role=server&map=q3ctf2&server=ioq3.313787966&gametype=4&fraglimit=25&timelimit=0&username=Player_209_gst&ordered=false&maxplayers=26&bots=5&skin=anarki
 Event~q3!Kill~q3![BOT] Phobos~q3![BOT] Hunter~q3!MOD_PLASMA~q3!2476311000
 [BOT] Phobos^7 fragged RED's flag carrier!
 [BOT] Hunter^7 was melted by [BOT] Phobos^7's plasmagun
 Event~q3!Say~q3![BOT] Phobos~q3!I will find the flag
 https://cdn.dos.zone/q3/v30/game.html?multiplayer&role=server&map=q3ctf2&server=ioq3.313787966&gametype=4&fraglimit=25&timelimit=0&username=Player_209_gst&ordered=false&maxplayers=26&bots=5&skin=anarki
 Event~q3!Say~q3![BOT] Hunter~q3![BOT] Slash follow me
 Event~q3!Say~q3![BOT] Hunter~q3![BOT] Big Guy get the enemy flag
 Event~q3!Say~q3![BOT] Hunter~q3![BOT] Old Timer get the enemy flag
 Event~q3!Say~q3![BOT] Hunter~q3![BOT] Mynxie get the enemy flag
 Event~q3!Say~q3![BOT] Hossman~q3![BOT] Blade Lady accompany [BOT] Feather-head
 Event~q3!Say~q3![BOT] Hossman~q3![BOT] Quaker get the enemy flag
 Event~q3!Say~q3![BOT] Hossman~q3![BOT] Mynx get the enemy flag
 Event~q3!Say~q3![BOT] Ranger~q3![BOT] Pipsqueak follow [BOT] Ice Queen
 Event~q3!Say~q3![BOT] Ranger~q3![BOT] Guido get the enemy flag
 Event~q3!Say~q3![BOT] Ranger~q3![BOT] Mynx get the enemy flag
 Event~q3!Say~q3![BOT] Slash~q3![BOT] Hossman get the enemy flag
 Event~q3!Say~q3![BOT] Slash~q3![BOT] Q Dude get the flag
 Event~q3!Say~q3![BOT] Slash~q3![BOT] Mynxie get the enemy flag
 Event~q3!Say~q3![BOT] Mynx~q3![BOT] Slash follow [BOT] Hunter
 Event~q3!Say~q3![BOT] Mynx~q3![BOT] Big Fella get the enemy flag
 Event~q3!Say~q3![BOT] Mynx~q3![BOT] Q Dude get the flag
 https://cdn.dos.zone/q3/v30/game.html?multiplayer&role=server&map=q3ctf2&server=ioq3.313787966&gametype=4&fraglimit=25&timelimit=0&username=Player_209_gst&ordered=false&maxplayers=26&bots=5&skin=anarki
 [BOT] Phobos^7 returned the BLUE flag!
 https://cdn.dos.zone/q3/v30/game.html?multiplayer&role=server&map=q3ctf2&server=ioq3.313787966&gametype=4&fraglimit=25&timelimit=0&username=Player_209_gst&ordered=false&maxplayers=26&bots=5&skin=anarki
 Event~q3!Kill~q3![BOT] Phobos~q3![BOT] Mynx~q3!MOD_PLASMA~q3!2781076942
 [BOT] Mynx^7 was melted by [BOT] Phobos^7's plasmagun
 Event~q3!Say~q3![BOT] Hossman~q3!I'm going in for the capture!
 Event~q3!Say~q3![BOT] Ranger~q3!The enemy flag will be mine!
 Event~q3!Say~q3![BOT] Hunter~q3!I am off to return the flag
 https://cdn.dos.zone/q3/v30/game.html?multiplayer&role=server&map=q3ctf2&server=ioq3.313787966&gametype=4&fraglimit=25&timelimit=0&username=Player_209_gst&ordered=false&maxplayers=26&bots=5&skin=anarki
 Event~q3!Say~q3![BOT] Mynx~q3!The enemy flag will be mine!
 Event~q3!Say~q3![BOT] Hunter~q3![BOT] Roller Girl defend the base
 Event~q3!Say~q3![BOT] Hunter~q3![BOT] Hossman get the flag
 Event~q3!Say~q3![BOT] Hunter~q3![BOT] Q Dude get the enemy flag
 Event~q3!Say~q3![BOT] Hunter~q3![BOT] Hotstuff get the enemy flag
 Event~q3!Say~q3![BOT] Ranger~q3![BOT] Pipsqueak guard the base
 Event~q3!Say~q3![BOT] Ranger~q3![BOT] Ice Queen guard the base
 Event~q3!Say~q3![BOT] Ranger~q3![BOT] Hossman get the enemy flag
 Event~q3!Say~q3![BOT] Ranger~q3![BOT] Mynx get the enemy flag
 Event~q3!Say~q3![BOT] Ranger~q3![BOT] Feather-head get the enemy flag
 Event~q3!Say~q3![BOT] Slash~q3![BOT] Princess defend the base
 Event~q3!Say~q3![BOT] Slash~q3![BOT] Hossman get the enemy flag
 Event~q3!Say~q3![BOT] Slash~q3![BOT] Frag-licker get the enemy flag
 Event~q3!Say~q3![BOT] Slash~q3![BOT] Mynx get the enemy flag
 Event~q3!Say~q3![BOT] Slash~q3![BOT] Feather-head get the enemy flag
 https://cdn.dos.zone/q3/v30/game.html?multiplayer&role=server&map=q3ctf2&server=ioq3.313787966&gametype=4&fraglimit=25&timelimit=0&username=Player_209_gst&ordered=false&maxplayers=26&bots=5&skin=anarki
 Event~q3!Say~q3![BOT] Hossman~q3![BOT] Blade Lady guard the base
 Event~q3!Say~q3![BOT] Hossman~q3![BOT] Feather-head defend the base
 Event~q3!Say~q3![BOT] Hossman~q3![BOT] Quaker get the enemy flag
 Event~q3!Say~q3![BOT] Hossman~q3![BOT] Mynx get the enemy flag
 Event~q3!Say~q3![BOT] Hossman~q3![BOT] Ice Queen get the enemy flag
 Event~q3!Say~q3![BOT] Mynx~q3![BOT] Slash guard the base
 Event~q3!Say~q3![BOT] Mynx~q3![BOT] Q Dude guard the base
 Event~q3!Say~q3![BOT] Mynx~q3![BOT] Big Fella get the enemy flag
 Event~q3!Say~q3![BOT] Mynx~q3![BOT] Princess get the enemy flag
 Event~q3!Say~q3![BOT] Mynx~q3![BOT] Quaker get the enemy flag
 https://cdn.dos.zone/q3/v30/game.html?multiplayer&role=server&map=q3ctf2&server=ioq3.313787966&gametype=4&fraglimit=25&timelimit=0&username=Player_209_gst&ordered=false&maxplayers=26&bots=5&skin=anarki
 Event~q3!Say~q3![BOT] Hunter~q3!I am off to grab the enemy flag!
 https://cdn.dos.zone/q3/v30/game.html?multiplayer&role=server&map=q3ctf2&server=ioq3.313787966&gametype=4&fraglimit=25&timelimit=0&username=Player_209_gst&ordered=false&maxplayers=26&bots=5&skin=anarki
 Event~q3!Say~q3![BOT] Mynx~q3!I'm going in for the capture!
 Event~q3!Kill~q3![BOT] Ranger~q3![BOT] Phobos~q3!MOD_PLASMA~q3!2365393921
 [BOT] Ranger^7 fragged BLUE's flag carrier!
 [BOT] Phobos^7 was melted by [BOT] Ranger^7's plasmagun
 Event~q3!Say~q3![BOT] Hossman~q3!I'm on my way to capture the enemy flag.
 Event~q3!Say~q3![BOT] Ranger~q3!I'm going to get the enemy flag.
 [BOT] Ranger^7 returned the RED flag!
 https://cdn.dos.zone/q3/v30/game.html?multiplayer&role=server&map=q3ctf2&server=ioq3.313787966&gametype=4&fraglimit=25&timelimit=0&username=Player_209_gst&ordered=false&maxplayers=26&bots=5&skin=anarki
 https://cdn.dos.zone/q3/v30/game.html?multiplayer&role=server&map=q3ctf2&server=ioq3.313787966&gametype=4&fraglimit=25&timelimit=0&username=Player_209_gst&ordered=false&maxplayers=26&bots=5&skin=anarki
 Event~q3!Say~q3![BOT] Hunter~q3![BOT] Q Dude guard the base
 Event~q3!Say~q3![BOT] Hunter~q3![BOT] Slash guard the base
 Event~q3!Say~q3![BOT] Hunter~q3![BOT] Big Fella get the enemy flag
 Event~q3!Say~q3![BOT] Hunter~q3![BOT] Mynx get the enemy flag
 Event~q3!Say~q3![BOT] Hossman~q3![BOT] Ranger guard the base
 Event~q3!Say~q3![BOT] Hossman~q3![BOT] Roller Girl guard the base
 Event~q3!Say~q3![BOT] Hossman~q3![BOT] Hunter guard the base
 Event~q3!Say~q3![BOT] Hossman~q3![BOT] Mynx get the enemy flag
 Event~q3!Say~q3![BOT] Ranger~q3![BOT] Slash guard the base
 Event~q3!Say~q3![BOT] Ranger~q3![BOT] Hunter guard the base
 Event~q3!Say~q3![BOT] Ranger~q3![BOT] Hossman get the enemy flag
 Event~q3!Say~q3![BOT] Ranger~q3![BOT] Mynx get the enemy flag
 Event~q3!Say~q3![BOT] Slash~q3![BOT] Q Dude defend the base
 Event~q3!Say~q3![BOT] Slash~q3![BOT] Ice Queen guard the base
 Event~q3!Say~q3![BOT] Slash~q3![BOT] Big Fella get the enemy flag
 Event~q3!Say~q3![BOT] Slash~q3![BOT] Mynxie get the enemy flag
 Event~q3!Say~q3![BOT] Mynx~q3![BOT] Ranger guard the base
 Event~q3!Say~q3![BOT] Mynx~q3![BOT] Slash guard the base
 Event~q3!Say~q3![BOT] Mynx~q3![BOT] Hunter guard the base
 Event~q3!Say~q3![BOT] Mynx~q3![BOT] Hossman get the enemy flag
 Event~q3!Kill~q3![BOT] ^1A^2n^3a^4r^5k^6i~q3![BOT] Ranger~q3!MOD_ROCKET~q3!3660539775
 https://cdn.dos.zone/q3/v30/game.html?multiplayer&role=server&map=q3ctf2&server=ioq3.313787966&gametype=4&fraglimit=25&timelimit=0&username=Player_209_gst&ordered=false&maxplayers=26&bots=5&skin=anarki
 [BOT] Ranger^7 ate [BOT] ^1A^2n^3a^4r^5k^6i^7's rocket
 https://cdn.dos.zone/q3/v30/game.html?multiplayer&role=server&map=q3ctf2&server=ioq3.313787966&gametype=4&fraglimit=25&timelimit=0&username=Player_209_gst&ordered=false&maxplayers=26&bots=5&skin=anarki
 Event~q3!Say~q3![BOT] Ranger~q3!Leave defending the Red Flag to me.
 Event~q3!Say~q3![BOT] Mynx~q3!I'm on my way to capture the enemy flag.
